<?xml version="1.0" encoding="UTF-8"?>
<!-- Generated by org.testng.reporters.JUnitReportReporter -->
<testsuite hostname="DESKTOP-SKR045R" name="Seleniumpractise.Selenium.HowtoDisableTestcase" tests="2" failures="0" timestamp="11 Mar 2021 04:17:36 GMT" time="0.030" errors="0">
  <testcase name="Secondtest" time="0.029" classname="Seleniumpractise.Selenium.HowtoDisableTestcase"/>
  <testcase name="Thirdtest" time="0.001" classname="Seleniumpractise.Selenium.HowtoDisableTestcase"/>
</testsuite> <!-- Seleniumpractise.Selenium.HowtoDisableTestcase -->
