<?xml version="1.0" encoding="UTF-8"?>
<!-- Generated by org.testng.reporters.JUnitReportReporter -->
<testsuite hostname="DESKTOP-SKR045R" name="BatchTesting.PaymentTest" tests="2" failures="0" timestamp="19 Feb 2021 10:20:13 GMT" time="0.003" errors="0">
  <testcase name="paymentInDollar" time="0.001" classname="BatchTesting.PaymentTest"/>
  <testcase name="paymentInRS" time="0.002" classname="BatchTesting.PaymentTest"/>
</testsuite> <!-- BatchTesting.PaymentTest -->
