<?xml version="1.0" encoding="UTF-8"?>
<!-- Generated by org.testng.reporters.JUnitReportReporter -->
<testsuite hostname="DESKTOP-SKR045R" name="Seleniumpractise.Selenium.Paralleltesting" tests="2" failures="0" timestamp="25 Feb 2021 04:15:35 GMT" time="86.769" errors="0">
  <testcase name="parallelBrowser" time="75.370" classname="Seleniumpractise.Selenium.Paralleltesting"/>
  <testcase name="parallelBrowser" time="11.399" classname="Seleniumpractise.Selenium.Paralleltesting"/>
</testsuite> <!-- Seleniumpractise.Selenium.Paralleltesting -->
