<?xml version="1.0" encoding="UTF-8"?>
<!-- Generated by org.testng.reporters.JUnitReportReporter -->
<testsuite hostname="DESKTOP-SKR045R" name="BatchTesting.PaymentReturns" tests="1" failures="0" timestamp="19 Feb 2021 10:20:13 GMT" time="0.015" errors="0">
  <testcase name="PaymentReturnsbyank" time="0.015" classname="BatchTesting.PaymentReturns"/>
</testsuite> <!-- BatchTesting.PaymentReturns -->
