<?xml version="1.0" encoding="UTF-8"?>
<!-- Generated by org.testng.reporters.JUnitReportReporter -->
<testsuite hostname="DESKTOP-SKR045R" name="BatchTesting.SignUpTest" tests="3" failures="0" timestamp="25 Feb 2021 10:09:21 GMT" time="0.005" errors="0">
  <testcase name="SignUpbyTwitter" time="0.001" classname="BatchTesting.SignUpTest"/>
  <testcase name="SignUpbyEmail" time="0.002" classname="BatchTesting.SignUpTest"/>
  <testcase name="SignUpbyFacebook" time="0.002" classname="BatchTesting.SignUpTest"/>
</testsuite> <!-- BatchTesting.SignUpTest -->
