<?xml version="1.0" encoding="UTF-8"?>
<!-- Generated by org.testng.reporters.JUnitReportReporter -->
<testsuite hostname="DESKTOP-SKR045R" name="BatchTesting.LoginTest" tests="3" failures="0" timestamp="25 Feb 2021 10:09:21 GMT" time="0.056" errors="0">
  <testcase name="loginbyTwitter" time="0.011" classname="BatchTesting.LoginTest"/>
  <testcase name="loginbyFacebook" time="0.002" classname="BatchTesting.LoginTest"/>
  <testcase name="loginbyEmail" time="0.043" classname="BatchTesting.LoginTest"/>
</testsuite> <!-- BatchTesting.LoginTest -->
