<?xml version="1.0" encoding="UTF-8"?>
<!-- Generated by org.testng.reporters.JUnitReportReporter -->
<testsuite hostname="DESKTOP-SKR045R" name="PractisePackage.Practise2" tests="3" failures="0" timestamp="25 Feb 2021 03:55:43 GMT" time="0.003" errors="0">
  <testcase name="p2" time="0.001" classname="PractisePackage.Practise2"/>
  <testcase name="p" time="0.001" classname="PractisePackage.Practise2"/>
  <testcase name="p1" time="0.001" classname="PractisePackage.Practise2"/>
</testsuite> <!-- PractisePackage.Practise2 -->
