<?xml version="1.0" encoding="UTF-8"?>
<!-- Generated by org.testng.reporters.JUnitReportReporter -->
<testsuite hostname="DESKTOP-SKR045R" name="Seleniumpractise.Selenium.CrossBrowserTesting" tests="2" failures="0" timestamp="11 Mar 2021 05:46:55 GMT" time="71.812" errors="0">
  <testcase name="verifypagetitle" time="41.977" classname="Seleniumpractise.Selenium.CrossBrowserTesting"/>
  <testcase name="verifypagetitle" time="29.835" classname="Seleniumpractise.Selenium.CrossBrowserTesting"/>
</testsuite> <!-- Seleniumpractise.Selenium.CrossBrowserTesting -->
