<?xml version="1.0" encoding="UTF-8"?>
<!-- Generated by org.testng.reporters.JUnitReportReporter -->
<testsuite hostname="DESKTOP-SKR045R" name="Log4jConcept.Practise1" tests="1" failures="0" timestamp="22 Mar 2021 11:44:31 GMT" time="11.327" errors="0">
  <testcase name="verifyPageTitle" time="11.327" classname="Log4jConcept.Practise1"/>
</testsuite> <!-- Log4jConcept.Practise1 -->
